2018-12-08 16:44:39,125 CRITICAL client Соединение с сервером не установлено!
2018-12-08 16:45:55,442 INFO decorators = {'action': 'presence', 'time': 1544269555.4423227, 'user': {'account_name': 'Guest'}} - create_presence - __main__
2018-12-08 16:45:55,442 INFO decorators args: ({'response': 200},)= {'response': 200} - check_message - __main__
2018-12-08 17:05:41,735 INFO decorators = {'action': 'presence', 'time': 1544270741.735898, 'user': {'account_name': 'Guest'}} - create_presence - __main__
2018-12-08 17:05:41,736 INFO decorators args: ({'response': 200},)= {'response': 200} - check_message - __main__
2018-12-08 17:43:27,170 INFO decorators = {'action': 'presence', 'time': 1544273007.1703944, 'user': {'account_name': 'Guest'}} - create_presence - __main__
2018-12-08 17:43:27,172 INFO decorators args: ({'response': 200},)= {'response': 200} - check_message - __main__
2018-12-08 17:44:07,380 INFO decorators = {'action': 'presence', 'time': 1544273047.3793373, 'user': {'account_name': 'Guest'}} - create_presence - __main__
2018-12-08 17:44:07,380 INFO decorators args: ({'response': 200},)= {'response': 200} - check_message - __main__
2018-12-08 17:49:54,811 INFO decorators = {'action': 'presence', 'time': 1544273394.8104303, 'user': {'account_name': 'Guest'}} - create_presence - __main__
2018-12-08 17:49:54,811 INFO decorators args: ({'response': 200},)= {'response': 200} - check_message - __main__
2018-12-08 18:05:34,831 INFO decorators = {'action': 'presence', 'time': 1544274334.8316925, 'user': {'account_name': 'Guest'}} - create_presence - __main__
2018-12-08 18:05:34,832 INFO decorators args: ({'response': 200},)= {'response': 200} - check_message - __main__
2018-12-08 18:05:41,820 INFO decorators = {'action': 'presence', 'time': 1544274341.819905, 'user': {'account_name': 'Guest'}} - create_presence - __main__
2018-12-08 18:05:41,820 INFO decorators args: ({'response': 200},)= {'response': 200} - check_message - __main__
2018-12-08 18:06:05,222 INFO decorators = {'action': 'presence', 'time': 1544274365.2221887, 'user': {'account_name': 'Guest'}} - create_presence - __main__
2018-12-08 18:06:05,223 INFO decorators args: ({'response': 200},)= {'response': 200} - check_message - __main__
2018-12-08 18:06:55,555 INFO decorators = {'action': 'presence', 'time': 1544274415.555591, 'user': {'account_name': 'Guest'}} - create_presence - __main__
2018-12-08 18:06:55,556 INFO decorators args: ({'response': 200},)= {'response': 200} - check_message - __main__
2018-12-08 18:07:39,197 INFO decorators = {'action': 'presence', 'time': 1544274459.1977072, 'user': {'account_name': 'Guest'}} - create_presence - __main__
2018-12-08 18:07:39,198 INFO decorators args: ({'response': 200},)= {'response': 200} - check_message - __main__
2018-12-08 18:07:43,508 INFO decorators = {'action': 'presence', 'time': 1544274463.5080204, 'user': {'account_name': 'Guest'}} - create_presence - __main__
2018-12-08 18:07:43,508 INFO decorators args: ({'response': 200},)= {'response': 200} - check_message - __main__
2018-12-08 18:09:46,298 INFO decorators = {'action': 'presence', 'time': 1544274586.2987816, 'user': {'account_name': 'Guest'}} - create_presence - __main__
2018-12-08 18:09:46,299 INFO decorators args: ({'response': 200},)= {'response': 200} - check_message - __main__
2018-12-08 18:09:49,787 INFO decorators = {'action': 'presence', 'time': 1544274589.7870333, 'user': {'account_name': 'Guest'}} - create_presence - __main__
2018-12-08 18:09:49,788 INFO decorators args: ({'response': 200},)= {'response': 200} - check_message - __main__
2018-12-08 18:11:06,165 INFO decorators = {'action': 'presence', 'time': 1544274666.1656868, 'user': {'account_name': 'Guest'}} - create_presence - __main__
2018-12-08 18:11:06,166 INFO decorators args: ({'response': 200},)= {'response': 200} - check_message - __main__
2018-12-08 18:11:08,022 INFO decorators = {'action': 'presence', 'time': 1544274668.0223372, 'user': {'account_name': 'Guest'}} - create_presence - __main__
2018-12-08 18:11:08,023 INFO decorators args: ({'response': 200},)= {'response': 200} - check_message - __main__
2018-12-08 18:48:10,390 INFO decorators = {'action': 'presence', 'time': 1544276890.3901985, 'user': {'account_name': 'Guest'}} - create_presence - client
2018-12-08 18:48:10,391 INFO decorators args: ({'response': 200},)= {'response': 200} - check_message - client
2018-12-08 18:48:39,616 INFO decorators = {'action': 'presence', 'time': 1544276919.6165993, 'user': {'account_name': 'Guest'}} - create_presence - client
2018-12-08 18:48:39,617 INFO decorators args: ({'response': 200},)= {'response': 200} - check_message - client
2018-12-08 18:48:44,310 INFO decorators = {'action': 'presence', 'time': 1544276924.310955, 'user': {'account_name': 'Guest'}} - create_presence - client
2018-12-08 18:49:53,878 INFO decorators = {'action': 'presence', 'time': 1544276993.8788986, 'user': {'account_name': 'Guest'}} - create_presence - client
2018-12-08 18:49:53,879 INFO decorators args: ({'response': 200},)= {'response': 200} - check_message - client
2018-12-08 18:49:57,493 INFO decorators = {'action': 'presence', 'time': 1544276997.4937303, 'user': {'account_name': 'Guest'}} - create_presence - client
2018-12-08 18:49:57,494 INFO decorators args: ({'response': 200},)= {'response': 200} - check_message - client
2018-12-08 18:50:48,757 INFO decorators = {'action': 'presence', 'time': 1544277048.7575622, 'user': {'account_name': 'Guest'}} - create_presence - client
2018-12-08 18:50:48,758 INFO decorators args: ({'response': 200},)= {'response': 200} - check_message - client
2018-12-08 18:51:28,050 INFO decorators = {'action': 'presence', 'time': 1544277088.0505698, 'user': {'account_name': 'Guest'}} - create_presence - client
2018-12-08 18:51:28,051 INFO decorators args: ({'response': 200},)= {'response': 200} - check_message - client
2018-12-08 18:51:52,567 INFO decorators = {'action': 'presence', 'time': 1544277112.5674975, 'user': {'account_name': 'Guest'}} - create_presence - client
2018-12-08 18:51:52,568 INFO decorators args: ({'response': 200},)= {'response': 200} - check_message - client
2018-12-08 18:54:33,354 INFO decorators = {'action': 'presence', 'time': 1544277273.3546326, 'user': {'account_name': 'Guest'}} - create_presence - client
2018-12-08 18:54:33,355 INFO decorators args: ({'response': 200},)= {'response': 200} - check_message - client
2018-12-08 18:54:39,230 INFO decorators = {'action': 'presence', 'time': 1544277279.230434, 'user': {'account_name': 'Guest'}} - create_presence - client
2018-12-08 18:54:39,230 INFO decorators args: ({'response': 200},)= {'response': 200} - check_message - client
2018-12-08 18:55:14,420 INFO decorators = {'action': 'presence', 'time': 1544277314.4208522, 'user': {'account_name': 'Guest'}} - create_presence - client
2018-12-08 18:55:14,421 INFO decorators args: ({'response': 200},)= {'response': 200} - check_message - client
2018-12-08 18:56:07,210 INFO decorators = {'action': 'presence', 'time': 1544277367.2104905, 'user': {'account_name': 'Guest'}} - create_presence - __main__
2018-12-08 18:56:07,211 INFO decorators args: ({'response': 200},)= {'response': 200} - check_message - __main__
2018-12-08 18:56:22,141 INFO decorators = {'action': 'presence', 'time': 1544277382.141638, 'user': {'account_name': 'Guest'}} - create_presence - __main__
2018-12-08 18:56:22,142 INFO decorators args: ({'response': 200},)= {'response': 200} - check_message - __main__
2018-12-08 18:58:33,149 INFO decorators = {'action': 'presence', 'time': 1544277513.149649, 'user': {'account_name': 'Guest'}} - create_presence - client
2018-12-08 18:58:33,150 INFO decorators args: ({'response': 200},)= {'response': 200} - check_message - client
2018-12-08 19:00:06,491 INFO decorators = {'action': 'presence', 'time': 1544277606.4911678, 'user': {'account_name': 'Guest'}} - create_presence - client
2018-12-08 19:00:31,409 INFO decorators = {'action': 'presence', 'time': 1544277631.4082973, 'user': {'account_name': 'Guest'}} - create_presence - client
2018-12-08 19:00:31,409 INFO decorators args: ({'response': 200},)= {'response': 200} - check_message - client
2018-12-08 19:01:20,546 INFO decorators = {'action': 'presence', 'time': 1544277680.5469983, 'user': {'account_name': 'Guest'}} - create_presence - client
2018-12-08 19:01:20,546 INFO decorators args: ({'response': 200},)= {'response': 200} - check_message - client
